Command line:
   parser_tb_isim_beh.exe
     -simmode  gui
     -simrunnum  0
     -socket  34565

Sat May  4 16:33:15 2019


 Elaboration Time: 0.02 sec

 Current Memory Usage: 197.222 Meg

 Total Signals          : 28
 Total Nets             : 56
 Total Signal Drivers   : 20
 Total Blocks           : 6
 Total Primitive Blocks : 5
 Total Processes        : 5
 Total Traceable Variables  : 16
 Total Scalar Nets and Variables : 558
Total Line Count : 249
Total Line Count : 249
Total Line Count : 249

 Total Simulation Time: 0.08 sec

 Current Memory Usage: 272.724 Meg

Sat May  4 16:35:36 2019

