Running: /opt/Xilinx/14.7/ISE_DS/ISE/bin/lin64/unwrapped/fuse -relaunch -intstyle "ise" -incremental -lib "secureip" -o "/home/ise/ISE/CS226_OSPF/OSPF/testbench_isim_beh.exe" -prj "/home/ise/ISE/CS226_OSPF/OSPF/testbench_beh.prj" "testbench" 
ISim P.20160913 (signature 0xfbc00daa)
Number of CPUs detected in this system: 1
Turning on mult-threading, number of parallel sub-compilation jobs: 0 
Determining compilation order of HDL files
Parsing VHDL file "/home/ise/ISE/CS226_OSPF/OSPF/Comparator_Simple.vhd" into library work
Parsing VHDL file "/home/ise/ISE/CS226_OSPF/OSPF/Comparator_Single.vhd" into library work
Parsing VHDL file "/home/ise/ISE/CS226_OSPF/OSPF/Comparator.vhd" into library work
Parsing VHDL file "/home/ise/ISE/CS226_OSPF/OSPF/Comparator_tb.vhd" into library work
Starting static elaboration
Completed static elaboration
Fuse Memory Usage: 97616 KB
Fuse CPU Usage: 1210 ms
Compiling package standard
Compiling package std_logic_1164
Compiling package numeric_std
Compiling architecture behavioral of entity Comparator_Simple [\Comparator_Simple(6,6)\]
Compiling architecture behavioral of entity Comparator_Single [\Comparator_Single(6,6,5)\]
Compiling architecture behavioral of entity Comparator_Single [\Comparator_Single(6,6,4)\]
Compiling architecture behavioral of entity Comparator_Single [\Comparator_Single(6,6,3)\]
Compiling architecture behavioral of entity Comparator_Single [\Comparator_Single(6,6,2)\]
Compiling architecture behavioral of entity Comparator_Single [\Comparator_Single(6,6,1)\]
Compiling architecture behavioral of entity Comparator [\Comparator(6,6)\]
Compiling architecture behavior of entity testbench
Time Resolution for simulation is 1ps.
Compiled 18 VHDL Units
Built simulation executable /home/ise/ISE/CS226_OSPF/OSPF/testbench_isim_beh.exe
Fuse Memory Usage: 112484 KB
Fuse CPU Usage: 1460 ms
GCC CPU Usage: 210 ms
