Command line:
   helloActParseTb_isim_beh.exe
     -simmode  gui
     -simrunnum  0
     -socket  40667

Sat May  4 16:46:35 2019


 Elaboration Time: 0.01 sec

 Current Memory Usage: 197.87 Meg

 Total Signals          : 74
 Total Nets             : 1596
 Total Signal Drivers   : 48
 Total Blocks           : 5
 Total Primitive Blocks : 4
 Total Processes        : 23
 Total Traceable Variables  : 21
 Total Scalar Nets and Variables : 2230
Total Line Count : 367

 Total Simulation Time: 0.02 sec

 Current Memory Usage: 273.371 Meg

Sat May  4 16:46:44 2019

