Command line:
   lsrgen_tb_isim_beh.exe
     -simmode  gui
     -simrunnum  0
     -socket  57991

Sun May  5 04:44:39 2019


 Elaboration Time: 0.03 sec

 Current Memory Usage: 210.481 Meg

 Total Signals          : 522
 Total Nets             : 18038
 Total Signal Drivers   : 198
 Total Blocks           : 33
 Total Primitive Blocks : 18
 Total Processes        : 83
 Total Traceable Variables  : 325
 Total Scalar Nets and Variables : 18829
Total Line Count : 273
Total Line Count : 273
Total Line Count : 273

 Total Simulation Time: 0.5 sec

 Current Memory Usage: 285.983 Meg

Sun May  5 06:12:57 2019

