Command line:
   lsugen_isim_beh.exe
     -simmode  gui
     -simrunnum  0
     -socket  44087

Sun May  5 00:07:48 2019


 Elaboration Time: 0.02 sec

 Current Memory Usage: 197.476 Meg

 Total Signals          : 63
 Total Nets             : 761
 Total Signal Drivers   : 47
 Total Blocks           : 5
 Total Primitive Blocks : 4
 Total Processes        : 13
 Total Traceable Variables  : 27
 Total Scalar Nets and Variables : 1359
Total Line Count : 915

 Total Simulation Time: 0.04 sec

 Current Memory Usage: 272.978 Meg

Sun May  5 00:07:54 2019

