Command line:
   tb_helloalive_isim_beh.exe
     -simmode  gui
     -simrunnum  1
     -socket  34079

Sat Apr 27 22:59:13 2019


 Elaboration Time: 0.02 sec

 Current Memory Usage: 197.632 Meg

 Total Signals          : 27
 Total Nets             : 1048
 Total Signal Drivers   : 11
 Total Blocks           : 6
 Total Primitive Blocks : 5
 Total Processes        : 4
 Total Traceable Variables  : 25
 Total Scalar Nets and Variables : 1855
Total Line Count : 36

 Total Simulation Time: 0.19 sec

 Current Memory Usage: 273.134 Meg

Sat Apr 27 23:00:49 2019

