Command line:
   lsraction_tb_isim_beh.exe
     -simmode  gui
     -simrunnum  0
     -socket  44765

Sat May  4 19:46:51 2019


 Elaboration Time: 0.03 sec

 Current Memory Usage: 212.959 Meg

 Total Signals          : 281
 Total Nets             : 21914
 Total Signal Drivers   : 105
 Total Blocks           : 19
 Total Primitive Blocks : 11
 Total Processes        : 45
 Total Traceable Variables  : 231
 Total Scalar Nets and Variables : 23258
Total Line Count : 480
Total Line Count : 480

 Total Simulation Time: 0.23 sec

 Current Memory Usage: 288.461 Meg

Sat May  4 19:49:03 2019

