Command line:
   tb_numones_isim_beh.exe
     -simmode  gui
     -simrunnum  0
     -socket  32815

Fri May  3 15:51:19 2019


 Elaboration Time: 0.02 sec

 Current Memory Usage: 197.071 Meg

 Total Signals          : 4
 Total Nets             : 12
 Total Signal Drivers   : 2
 Total Blocks           : 3
 Total Primitive Blocks : 2
 Total Processes        : 2
 Total Traceable Variables  : 8
 Total Scalar Nets and Variables : 372
Total Line Count : 263

 Total Simulation Time: 0.05 sec

 Current Memory Usage: 272.572 Meg

Fri May  3 15:51:46 2019

