Command line:
   lsup_tb2_isim_beh.exe
     -simmode  gui
     -simrunnum  1
     -socket  47569

Sun May  5 05:45:16 2019


 Elaboration Time: 0.01 sec

 Current Memory Usage: 197.276 Meg

 Total Signals          : 57
 Total Nets             : 344
 Total Signal Drivers   : 41
 Total Blocks           : 7
 Total Primitive Blocks : 6
 Total Processes        : 15
 Total Traceable Variables  : 18
 Total Scalar Nets and Variables : 886
Total Line Count : 1143
Total Line Count : 1143
Total Line Count : 1143

 Total Simulation Time: 0.11 sec

 Current Memory Usage: 272.777 Meg

Sun May  5 06:12:38 2019

