Command line:
   lsu_parser_tb_isim_beh.exe
     -simmode  gui
     -simrunnum  1
     -socket  60425

Fri May  3 14:58:11 2019


 Elaboration Time: 0.01 sec

 Current Memory Usage: 197.226 Meg

 Total Signals          : 31
 Total Nets             : 282
 Total Signal Drivers   : 24
 Total Blocks           : 6
 Total Primitive Blocks : 5
 Total Processes        : 11
 Total Traceable Variables  : 18
 Total Scalar Nets and Variables : 824
Total Line Count : 215
Total Line Count : 215
Total Line Count : 215

 Total Simulation Time: 0.14 sec

 Current Memory Usage: 272.728 Meg

Sat May  4 02:27:36 2019

