Command line:
   LSAFetcherTb_isim_beh.exe
     -simmode  gui
     -simrunnum  0
     -socket  49159

Sat May  4 15:36:55 2019


 Elaboration Time: 0.03 sec

 Current Memory Usage: 212.505 Meg

 Total Signals          : 260
 Total Nets             : 21596
 Total Signal Drivers   : 87
 Total Blocks           : 19
 Total Primitive Blocks : 11
 Total Processes        : 47
 Total Traceable Variables  : 229
 Total Scalar Nets and Variables : 22935
Total Line Count : 578
Total Line Count : 578

 Total Simulation Time: 0.13 sec

 Current Memory Usage: 288.006 Meg

Sat May  4 15:54:19 2019

