Command line:
   parsertb_isim_beh.exe
     -simmode  gui
     -simrunnum  1
     -socket  50431

Sun May  5 05:33:54 2019


 Elaboration Time: 0.01 sec

 Current Memory Usage: 197.272 Meg

 Total Signals          : 34
 Total Nets             : 72
 Total Signal Drivers   : 21
 Total Blocks           : 6
 Total Primitive Blocks : 5
 Total Processes        : 6
 Total Traceable Variables  : 16
 Total Scalar Nets and Variables : 574
Total Line Count : 1058
Total Line Count : 1058
Total Line Count : 1058

 Total Simulation Time: 0.09 sec

 Current Memory Usage: 272.773 Meg

Sun May  5 05:35:06 2019

