Printing stacktrace...

[0] /opt/Xilinx/14.7/ISE_DS/ISE/./lib/lin64/libhsimengine.so(HSimTransaction::action()+0xc5) [0x7f19cad4e655]
[1] /opt/Xilinx/14.7/ISE_DS/ISE/./lib/lin64/libhsimengine.so(HSimKernel::processEvents()+0x4f) [0x7f19cacd956f]
[2] /opt/Xilinx/14.7/ISE_DS/ISE/./lib/lin64/libhsimengine.so(HSimKernel::spsimCurrentSlot(HSimQArrayS*)+0x3e) [0x7f19cacdd39e]
[3] /opt/Xilinx/14.7/ISE_DS/ISE/./lib/lin64/libhsimengine.so(HSimKernel::spsimInternal(long long)+0xb7) [0x7f19cacdd8c7]
[4] /opt/Xilinx/14.7/ISE_DS/ISE/./lib/lin64/libhsimengine.so(HSimKernel::spsim(long long)+0xcd) [0x7f19cacdd9fd]
[5] /opt/Xilinx/14.7/ISE_DS/ISE/./lib/lin64/libhsimengine.so(ISimEngine::SimulationThread::runCommand()+0x9f) [0x7f19cad25bbf]
[6] /opt/Xilinx/14.7/ISE_DS/ISE/./lib/lin64/libhsimengine.so(ISimEngine::SimulationThread::loop()+0x91) [0x7f19cad26b11]
[7] /opt/Xilinx/14.7/ISE_DS/ISE/./lib/lin64/libhsimengine.so(HSimSimCtl::runTcl(HSimConfigDecl*, HSimEntyBlk*, int, char**)+0x25c) [0x7f19cad2143c]
[8] tb_Main_Machine_isim_beh.exe(main+0x39a) [0x40274e]
[9] /lib64/libc.so.6(__libc_start_main+0xfd) [0x3b2821ed1d]
[10] tb_Main_Machine_isim_beh.exe() [0x4022f9]
Done
Printing stacktrace...

[0] /opt/Xilinx/14.7/ISE_DS/ISE/./lib/lin64/libhsimengine.so(HSimTransaction::action()+0xc5) [0x7f19cad4e655]
[1] /opt/Xilinx/14.7/ISE_DS/ISE/./lib/lin64/libhsimengine.so(HSimKernel::processEvents()+0x4f) [0x7f19cacd956f]
[2] /opt/Xilinx/14.7/ISE_DS/ISE/./lib/lin64/libhsimengine.so(HSimKernel::spsimCurrentSlot(HSimQArrayS*)+0x3e) [0x7f19cacdd39e]
[3] /opt/Xilinx/14.7/ISE_DS/ISE/./lib/lin64/libhsimengine.so(HSimKernel::spsimInternal(long long)+0xb7) [0x7f19cacdd8c7]
[4] /opt/Xilinx/14.7/ISE_DS/ISE/./lib/lin64/libhsimengine.so(HSimKernel::spsim(long long)+0xcd) [0x7f19cacdd9fd]
[5] /opt/Xilinx/14.7/ISE_DS/ISE/./lib/lin64/libhsimengine.so(ISimEngine::SimulationThread::runCommand()+0x9f) [0x7f19cad25bbf]
[6] /opt/Xilinx/14.7/ISE_DS/ISE/./lib/lin64/libhsimengine.so(ISimEngine::SimulationThread::loop()+0x91) [0x7f19cad26b11]
[7] /opt/Xilinx/14.7/ISE_DS/ISE/./lib/lin64/libhsimengine.so(HSimSimCtl::runTcl(HSimConfigDecl*, HSimEntyBlk*, int, char**)+0x25c) [0x7f19cad2143c]
[8] tb_Main_Machine_isim_beh.exe(main+0x39a) [0x40274e]
[9] /lib64/libc.so.6(__libc_start_main+0xfd) [0x3b2821ed1d]
[10] tb_Main_Machine_isim_beh.exe() [0x4022f9]
Done
Printing stacktrace...

[0] /opt/Xilinx/14.7/ISE_DS/ISE/./lib/lin64/libhsimengine.so(HSimTransaction::action()+0xc5) [0x7f19cad4e655]
[1] /opt/Xilinx/14.7/ISE_DS/ISE/./lib/lin64/libhsimengine.so(HSimKernel::processEvents()+0x4f) [0x7f19cacd956f]
[2] /opt/Xilinx/14.7/ISE_DS/ISE/./lib/lin64/libhsimengine.so(HSimKernel::spsimCurrentSlot(HSimQArrayS*)+0x3e) [0x7f19cacdd39e]
[3] /opt/Xilinx/14.7/ISE_DS/ISE/./lib/lin64/libhsimengine.so(HSimKernel::spsimInternal(long long)+0xb7) [0x7f19cacdd8c7]
[4] /opt/Xilinx/14.7/ISE_DS/ISE/./lib/lin64/libhsimengine.so(HSimKernel::spsim(long long)+0xcd) [0x7f19cacdd9fd]
[5] /opt/Xilinx/14.7/ISE_DS/ISE/./lib/lin64/libhsimengine.so(ISimEngine::SimulationThread::runCommand()+0x9f) [0x7f19cad25bbf]
[6] /opt/Xilinx/14.7/ISE_DS/ISE/./lib/lin64/libhsimengine.so(ISimEngine::SimulationThread::loop()+0x91) [0x7f19cad26b11]
[7] /opt/Xilinx/14.7/ISE_DS/ISE/./lib/lin64/libhsimengine.so(HSimSimCtl::runTcl(HSimConfigDecl*, HSimEntyBlk*, int, char**)+0x25c) [0x7f19cad2143c]
[8] tb_Main_Machine_isim_beh.exe(main+0x39a) [0x40274e]
[9] /lib64/libc.so.6(__libc_start_main+0xfd) [0x3b2821ed1d]
[10] tb_Main_Machine_isim_beh.exe() [0x4022f9]
Done
Printing stacktrace...

[0] /opt/Xilinx/14.7/ISE_DS/ISE/./lib/lin64/libhsimengine.so(HSimTransaction::action()+0xc5) [0x7f19cad4e655]
[1] /opt/Xilinx/14.7/ISE_DS/ISE/./lib/lin64/libhsimengine.so(HSimKernel::processEvents()+0x4f) [0x7f19cacd956f]
[2] /opt/Xilinx/14.7/ISE_DS/ISE/./lib/lin64/libhsimengine.so(HSimKernel::spsimCurrentSlot(HSimQArrayS*)+0x3e) [0x7f19cacdd39e]
[3] /opt/Xilinx/14.7/ISE_DS/ISE/./lib/lin64/libhsimengine.so(HSimKernel::spsimInternal(long long)+0xb7) [0x7f19cacdd8c7]
[4] /opt/Xilinx/14.7/ISE_DS/ISE/./lib/lin64/libhsimengine.so(HSimKernel::spsim(long long)+0xcd) [0x7f19cacdd9fd]
[5] /opt/Xilinx/14.7/ISE_DS/ISE/./lib/lin64/libhsimengine.so(ISimEngine::SimulationThread::runCommand()+0x9f) [0x7f19cad25bbf]
[6] /opt/Xilinx/14.7/ISE_DS/ISE/./lib/lin64/libhsimengine.so(ISimEngine::SimulationThread::loop()+0x91) [0x7f19cad26b11]
[7] /opt/Xilinx/14.7/ISE_DS/ISE/./lib/lin64/libhsimengine.so(HSimSimCtl::runTcl(HSimConfigDecl*, HSimEntyBlk*, int, char**)+0x25c) [0x7f19cad2143c]
[8] tb_Main_Machine_isim_beh.exe(main+0x39a) [0x40274e]
[9] /lib64/libc.so.6(__libc_start_main+0xfd) [0x3b2821ed1d]
[10] tb_Main_Machine_isim_beh.exe() [0x4022f9]
Done
Printing stacktrace...

[0] /opt/Xilinx/14.7/ISE_DS/ISE/./lib/lin64/libhsimengine.so(HSimTransaction::action()+0xc5) [0x7f19cad4e655]
[1] /opt/Xilinx/14.7/ISE_DS/ISE/./lib/lin64/libhsimengine.so(HSimKernel::processEvents()+0x4f) [0x7f19cacd956f]
[2] /opt/Xilinx/14.7/ISE_DS/ISE/./lib/lin64/libhsimengine.so(HSimKernel::spsimCurrentSlot(HSimQArrayS*)+0x3e) [0x7f19cacdd39e]
[3] /opt/Xilinx/14.7/ISE_DS/ISE/./lib/lin64/libhsimengine.so(HSimKernel::spsimInternal(long long)+0xb7) [0x7f19cacdd8c7]
[4] /opt/Xilinx/14.7/ISE_DS/ISE/./lib/lin64/libhsimengine.so(HSimKernel::spsim(long long)+0xcd) [0x7f19cacdd9fd]
[5] /opt/Xilinx/14.7/ISE_DS/ISE/./lib/lin64/libhsimengine.so(ISimEngine::SimulationThread::runCommand()+0x9f) [0x7f19cad25bbf]
[6] /opt/Xilinx/14.7/ISE_DS/ISE/./lib/lin64/libhsimengine.so(ISimEngine::SimulationThread::loop()+0x91) [0x7f19cad26b11]
[7] /opt/Xilinx/14.7/ISE_DS/ISE/./lib/lin64/libhsimengine.so(HSimSimCtl::runTcl(HSimConfigDecl*, HSimEntyBlk*, int, char**)+0x25c) [0x7f19cad2143c]
[8] tb_Main_Machine_isim_beh.exe(main+0x39a) [0x40274e]
[9] /lib64/libc.so.6(__libc_start_main+0xfd) [0x3b2821ed1d]
[10] tb_Main_Machine_isim_beh.exe() [0x4022f9]
Done
