Command line:
   iface_out_tb_isim_beh.exe
     -simmode  gui
     -simrunnum  2
     -socket  49253

Sun May  5 05:56:40 2019


 Elaboration Time: 0.05 sec

 Current Memory Usage: 226.333 Meg

 Total Signals          : 1051
 Total Nets             : 38740
 Total Signal Drivers   : 394
 Total Blocks           : 62
 Total Primitive Blocks : 35
 Total Processes        : 162
 Total Traceable Variables  : 642
 Total Scalar Nets and Variables : 40026
Total Line Count : 883
Total Line Count : 883
Total Line Count : 883

 Total Simulation Time: 0.24 sec

 Current Memory Usage: 301.834 Meg

Sun May  5 06:12:31 2019

